{"/Users/thaisonnguyen/git/repo/ca-dashboard/work/ca-dashboard-container/src/auth/Authenticator.ts": {"path":"/Users/thaisonnguyen/git/repo/ca-dashboard/work/ca-dashboard-container/src/auth/Authenticator.ts","statementMap":{"0":{"start":{"line":1,"column":0},"end":{"line":1,"column":62}},"1":{"start":{"line":2,"column":0},"end":{"line":2,"column":34}},"2":{"start":{"line":3,"column":0},"end":{"line":3,"column":34}},"3":{"start":{"line":4,"column":0},"end":{"line":4,"column":31}},"4":{"start":{"line":7,"column":44},"end":{"line":7,"column":46}},"5":{"start":{"line":17,"column":41},"end":{"line":32,"column":2}},"6":{"start":{"line":17,"column":86},"end":{"line":32,"column":2}},"7":{"start":{"line":18,"column":16},"end":{"line":18,"column":57}},"8":{"start":{"line":19,"column":2},"end":{"line":22,"column":null}},"9":{"start":{"line":20,"column":4},"end":{"line":20,"column":65}},"10":{"start":{"line":21,"column":4},"end":{"line":21,"column":17}},"11":{"start":{"line":24,"column":2},"end":{"line":24,"column":71}},"12":{"start":{"line":25,"column":2},"end":{"line":31,"column":null}},"13":{"start":{"line":26,"column":4},"end":{"line":26,"column":32}},"14":{"start":{"line":27,"column":4},"end":{"line":27,"column":16}},"15":{"start":{"line":29,"column":4},"end":{"line":29,"column":113}},"16":{"start":{"line":30,"column":4},"end":{"line":30,"column":17}},"17":{"start":{"line":17,"column":13},"end":{"line":17,"column":41}},"18":{"start":{"line":41,"column":30},"end":{"line":58,"column":2}},"19":{"start":{"line":41,"column":74},"end":{"line":58,"column":2}},"20":{"start":{"line":42,"column":31},"end":{"line":42,"column":47}},"21":{"start":{"line":43,"column":2},"end":{"line":45,"column":null}},"22":{"start":{"line":44,"column":4},"end":{"line":44,"column":68}},"23":{"start":{"line":47,"column":27},"end":{"line":47,"column":68}},"24":{"start":{"line":48,"column":2},"end":{"line":48,"column":69}},"25":{"start":{"line":50,"column":2},"end":{"line":56,"column":null}},"26":{"start":{"line":51,"column":16},"end":{"line":51,"column":49}},"27":{"start":{"line":53,"column":4},"end":{"line":53,"column":50}},"28":{"start":{"line":55,"column":4},"end":{"line":55,"column":67}},"29":{"start":{"line":57,"column":2},"end":{"line":57,"column":9}},"30":{"start":{"line":41,"column":13},"end":{"line":41,"column":30}},"31":{"start":{"line":68,"column":18},"end":{"line":82,"column":1}},"32":{"start":{"line":69,"column":45},"end":{"line":69,"column":61}},"33":{"start":{"line":71,"column":2},"end":{"line":73,"column":null}},"34":{"start":{"line":72,"column":4},"end":{"line":72,"column":11}},"35":{"start":{"line":75,"column":17},"end":{"line":79,"column":4}},"36":{"start":{"line":80,"column":2},"end":{"line":80,"column":54}},"37":{"start":{"line":81,"column":2},"end":{"line":81,"column":16}},"38":{"start":{"line":87,"column":21},"end":{"line":91,"column":1}},"39":{"start":{"line":88,"column":15},"end":{"line":88,"column":41}},"40":{"start":{"line":89,"column":15},"end":{"line":89,"column":37}},"41":{"start":{"line":90,"column":2},"end":{"line":90,"column":26}},"42":{"start":{"line":102,"column":31},"end":{"line":110,"column":2}},"43":{"start":{"line":102,"column":133},"end":{"line":110,"column":2}},"44":{"start":{"line":103,"column":2},"end":{"line":105,"column":null}},"45":{"start":{"line":104,"column":4},"end":{"line":104,"column":83}},"46":{"start":{"line":106,"column":2},"end":{"line":108,"column":null}},"47":{"start":{"line":107,"column":4},"end":{"line":107,"column":78}},"48":{"start":{"line":109,"column":2},"end":{"line":109,"column":120}},"49":{"start":{"line":109,"column":108},"end":{"line":109,"column":118}},"50":{"start":{"line":120,"column":28},"end":{"line":134,"column":2}},"51":{"start":{"line":120,"column":50},"end":{"line":134,"column":2}},"52":{"start":{"line":121,"column":2},"end":{"line":128,"column":null}},"53":{"start":{"line":122,"column":21},"end":{"line":122,"column":115}},"54":{"start":{"line":123,"column":4},"end":{"line":127,"column":null}},"55":{"start":{"line":124,"column":6},"end":{"line":126,"column":9}},"56":{"start":{"line":125,"column":8},"end":{"line":125,"column":36}},"57":{"start":{"line":129,"column":2},"end":{"line":129,"column":54}},"58":{"start":{"line":131,"column":2},"end":{"line":133,"column":5}},"59":{"start":{"line":132,"column":4},"end":{"line":132,"column":28}}},"fnMap":{"0":{"name":"(anonymous_8)","decl":{"start":{"line":17,"column":41},"end":{"line":17,"column":48}},"loc":{"start":{"line":17,"column":86},"end":{"line":32,"column":2}}},"1":{"name":"(anonymous_9)","decl":{"start":{"line":17,"column":86},"end":{"line":17,"column":null}},"loc":{"start":{"line":17,"column":86},"end":{"line":32,"column":1}}},"2":{"name":"(anonymous_10)","decl":{"start":{"line":41,"column":30},"end":{"line":41,"column":37}},"loc":{"start":{"line":41,"column":74},"end":{"line":58,"column":2}}},"3":{"name":"(anonymous_11)","decl":{"start":{"line":41,"column":74},"end":{"line":41,"column":null}},"loc":{"start":{"line":41,"column":74},"end":{"line":58,"column":1}}},"4":{"name":"(anonymous_12)","decl":{"start":{"line":68,"column":18},"end":{"line":68,"column":19}},"loc":{"start":{"line":68,"column":53},"end":{"line":82,"column":1}}},"5":{"name":"(anonymous_13)","decl":{"start":{"line":87,"column":21},"end":{"line":87,"column":22}},"loc":{"start":{"line":87,"column":37},"end":{"line":91,"column":1}}},"6":{"name":"(anonymous_14)","decl":{"start":{"line":102,"column":31},"end":{"line":102,"column":38}},"loc":{"start":{"line":102,"column":133},"end":{"line":110,"column":2}}},"7":{"name":"(anonymous_15)","decl":{"start":{"line":102,"column":133},"end":{"line":102,"column":null}},"loc":{"start":{"line":102,"column":133},"end":{"line":110,"column":1}}},"8":{"name":"(anonymous_16)","decl":{"start":{"line":109,"column":99},"end":{"line":109,"column":100}},"loc":{"start":{"line":109,"column":108},"end":{"line":109,"column":118}}},"9":{"name":"(anonymous_17)","decl":{"start":{"line":120,"column":28},"end":{"line":120,"column":35}},"loc":{"start":{"line":120,"column":50},"end":{"line":134,"column":2}}},"10":{"name":"(anonymous_18)","decl":{"start":{"line":120,"column":50},"end":{"line":120,"column":null}},"loc":{"start":{"line":120,"column":50},"end":{"line":134,"column":1}}},"11":{"name":"(anonymous_19)","decl":{"start":{"line":124,"column":19},"end":{"line":124,"column":20}},"loc":{"start":{"line":124,"column":38},"end":{"line":126,"column":7}}},"12":{"name":"(anonymous_20)","decl":{"start":{"line":131,"column":32},"end":{"line":131,"column":33}},"loc":{"start":{"line":131,"column":41},"end":{"line":133,"column":3}}}},"branchMap":{"0":{"loc":{"start":{"line":19,"column":2},"end":{"line":22,"column":null}},"type":"if","locations":[{"start":{"line":19,"column":2},"end":{"line":22,"column":null}},{"start":{"line":19,"column":2},"end":{"line":22,"column":null}}]},"1":{"loc":{"start":{"line":43,"column":2},"end":{"line":45,"column":null}},"type":"if","locations":[{"start":{"line":43,"column":2},"end":{"line":45,"column":null}},{"start":{"line":43,"column":2},"end":{"line":45,"column":null}}]},"2":{"loc":{"start":{"line":43,"column":18},"end":{"line":43,"column":20}},"type":"cond-expr","locations":[{"start":{"line":43,"column":18},"end":{"line":43,"column":20}},{"start":{"line":43,"column":18},"end":{"line":43,"column":23}}]},"3":{"loc":{"start":{"line":43,"column":7},"end":{"line":43,"column":20}},"type":"binary-expr","locations":[{"start":{"line":43,"column":7},"end":{"line":43,"column":20}},{"start":{"line":43,"column":18},"end":{"line":43,"column":20}}]},"4":{"loc":{"start":{"line":43,"column":10},"end":{"line":43,"column":12}},"type":"cond-expr","locations":[{"start":{"line":43,"column":10},"end":{"line":43,"column":12}},{"start":{"line":43,"column":7},"end":{"line":43,"column":18}}]},"5":{"loc":{"start":{"line":43,"column":7},"end":{"line":43,"column":12}},"type":"binary-expr","locations":[{"start":{"line":43,"column":7},"end":{"line":43,"column":12}},{"start":{"line":43,"column":7},"end":{"line":43,"column":12}}]},"6":{"loc":{"start":{"line":50,"column":2},"end":{"line":56,"column":null}},"type":"if","locations":[{"start":{"line":50,"column":2},"end":{"line":56,"column":null}},{"start":{"line":50,"column":2},"end":{"line":56,"column":null}}]},"7":{"loc":{"start":{"line":71,"column":2},"end":{"line":73,"column":null}},"type":"if","locations":[{"start":{"line":71,"column":2},"end":{"line":73,"column":null}},{"start":{"line":71,"column":2},"end":{"line":73,"column":null}}]},"8":{"loc":{"start":{"line":71,"column":6},"end":{"line":71,"column":16}},"type":"binary-expr","locations":[{"start":{"line":71,"column":6},"end":{"line":71,"column":16}},{"start":{"line":71,"column":20},"end":{"line":71,"column":31}},{"start":{"line":71,"column":35},"end":{"line":71,"column":45}}]},"9":{"loc":{"start":{"line":103,"column":2},"end":{"line":105,"column":null}},"type":"if","locations":[{"start":{"line":103,"column":2},"end":{"line":105,"column":null}},{"start":{"line":103,"column":2},"end":{"line":105,"column":null}}]},"10":{"loc":{"start":{"line":106,"column":2},"end":{"line":108,"column":null}},"type":"if","locations":[{"start":{"line":106,"column":2},"end":{"line":108,"column":null}},{"start":{"line":106,"column":2},"end":{"line":108,"column":null}}]},"11":{"loc":{"start":{"line":121,"column":2},"end":{"line":128,"column":null}},"type":"if","locations":[{"start":{"line":121,"column":2},"end":{"line":128,"column":null}},{"start":{"line":121,"column":2},"end":{"line":128,"column":null}}]},"12":{"loc":{"start":{"line":122,"column":50},"end":{"line":122,"column":72}},"type":"binary-expr","locations":[{"start":{"line":122,"column":50},"end":{"line":122,"column":72}},{"start":{"line":122,"column":76},"end":{"line":122,"column":78}}]},"13":{"loc":{"start":{"line":122,"column":80},"end":{"line":122,"column":108}},"type":"binary-expr","locations":[{"start":{"line":122,"column":80},"end":{"line":122,"column":108}},{"start":{"line":122,"column":112},"end":{"line":122,"column":114}}]},"14":{"loc":{"start":{"line":123,"column":4},"end":{"line":127,"column":null}},"type":"if","locations":[{"start":{"line":123,"column":4},"end":{"line":127,"column":null}},{"start":{"line":123,"column":4},"end":{"line":127,"column":null}}]},"15":{"loc":{"start":{"line":123,"column":8},"end":{"line":123,"column":12}},"type":"binary-expr","locations":[{"start":{"line":123,"column":8},"end":{"line":123,"column":12}},{"start":{"line":123,"column":16},"end":{"line":123,"column":27}}]}},"s":{"0":1,"1":1,"2":1,"3":1,"4":1,"5":1,"6":7,"7":7,"8":7,"9":1,"10":1,"11":6,"12":6,"13":6,"14":2,"15":4,"16":4,"17":1,"18":1,"19":6,"20":6,"21":6,"22":3,"23":3,"24":3,"25":3,"26":2,"27":2,"28":1,"29":2,"30":1,"31":1,"32":6,"33":6,"34":3,"35":3,"36":3,"37":3,"38":1,"39":3,"40":3,"41":3,"42":1,"43":2,"44":2,"45":1,"46":2,"47":1,"48":2,"49":2,"50":1,"51":3,"52":3,"53":2,"54":2,"55":1,"56":2,"57":3,"58":3,"59":4},"f":{"0":7,"1":7,"2":6,"3":6,"4":6,"5":3,"6":2,"7":2,"8":2,"9":3,"10":3,"11":2,"12":4},"b":{"0":[1,6],"1":[3,3],"2":[3,3],"3":[6,6],"4":[3,3],"5":[6,6],"6":[2,1],"7":[3,3],"8":[6,5,4],"9":[1,1],"10":[1,1],"11":[2,1],"12":[2,1],"13":[2,1],"14":[1,1],"15":[2,2]}}
,"/Users/thaisonnguyen/git/repo/ca-dashboard/work/ca-dashboard-container/src/utils/Logger.ts": {"path":"/Users/thaisonnguyen/git/repo/ca-dashboard/work/ca-dashboard-container/src/utils/Logger.ts","statementMap":{"0":{"start":{"line":1,"column":0},"end":{"line":1,"column":40}},"1":{"start":{"line":3,"column":12},"end":{"line":10,"column":2}},"2":{"start":{"line":12,"column":0},"end":{"line":12,"column":19}}},"fnMap":{},"branchMap":{},"s":{"0":1,"1":1,"2":1},"f":{},"b":{}}
}
