TN:
SF:src/auth/Authenticator.ts
FN:17,(anonymous_8)
FN:17,(anonymous_9)
FN:41,(anonymous_10)
FN:41,(anonymous_11)
FN:68,(anonymous_12)
FN:87,(anonymous_13)
FN:102,(anonymous_14)
FN:102,(anonymous_15)
FN:109,(anonymous_16)
FN:120,(anonymous_17)
FN:120,(anonymous_18)
FN:124,(anonymous_19)
FN:131,(anonymous_20)
FNF:13
FNH:13
FNDA:7,(anonymous_8)
FNDA:7,(anonymous_9)
FNDA:6,(anonymous_10)
FNDA:6,(anonymous_11)
FNDA:6,(anonymous_12)
FNDA:3,(anonymous_13)
FNDA:2,(anonymous_14)
FNDA:2,(anonymous_15)
FNDA:2,(anonymous_16)
FNDA:3,(anonymous_17)
FNDA:3,(anonymous_18)
FNDA:2,(anonymous_19)
FNDA:4,(anonymous_20)
DA:1,1
DA:2,1
DA:3,1
DA:4,1
DA:7,1
DA:17,7
DA:18,7
DA:19,7
DA:20,1
DA:21,1
DA:24,6
DA:25,6
DA:26,6
DA:27,2
DA:29,4
DA:30,4
DA:41,6
DA:42,6
DA:43,6
DA:44,3
DA:47,3
DA:48,3
DA:50,3
DA:51,2
DA:53,2
DA:55,1
DA:57,2
DA:68,1
DA:69,6
DA:71,6
DA:72,3
DA:75,3
DA:80,3
DA:81,3
DA:87,1
DA:88,3
DA:89,3
DA:90,3
DA:102,2
DA:103,2
DA:104,1
DA:106,2
DA:107,1
DA:109,2
DA:120,3
DA:121,3
DA:122,2
DA:123,2
DA:124,1
DA:125,2
DA:129,3
DA:131,3
DA:132,4
LF:53
LH:53
BRDA:19,0,0,1
BRDA:19,0,1,6
BRDA:43,1,0,3
BRDA:43,1,1,3
BRDA:43,2,0,3
BRDA:43,2,1,3
BRDA:43,3,0,6
BRDA:43,3,1,6
BRDA:43,4,0,3
BRDA:43,4,1,3
BRDA:43,5,0,6
BRDA:43,5,1,6
BRDA:50,6,0,2
BRDA:50,6,1,1
BRDA:71,7,0,3
BRDA:71,7,1,3
BRDA:71,8,0,6
BRDA:71,8,1,5
BRDA:71,8,2,4
BRDA:103,9,0,1
BRDA:103,9,1,1
BRDA:106,10,0,1
BRDA:106,10,1,1
BRDA:121,11,0,2
BRDA:121,11,1,1
BRDA:122,12,0,2
BRDA:122,12,1,1
BRDA:122,13,0,2
BRDA:122,13,1,1
BRDA:123,14,0,1
BRDA:123,14,1,1
BRDA:123,15,0,2
BRDA:123,15,1,2
BRF:33
BRH:33
end_of_record
TN:
SF:src/utils/Logger.ts
FNF:0
FNH:0
DA:1,1
DA:3,1
DA:12,1
LF:3
LH:3
BRF:0
BRH:0
end_of_record
